Build started 10/28/2015 1:57:52 PM.
     1>Project "C:\Users\mh2347\Documents\Visual Studio 2013\Projects\K_Means_HPA\K_Means_HPA\K_Means_HPA.vcxproj" on node 2 (Build target(s)).
     1>ClCompile:
         C:\Program Files (x86)\Microsoft Visual Studio 12.0\VC\bin\CL.exe /c /I"C:\Program Files\NVIDIA GPU Computing Toolkit\CUDA\v7.0\include" /ZI /nologo /W3 /WX- /Od /Oy- /D WIN32 /D _DEBUG /D _CONSOLE /D _MBCS /Gm /EHsc /RTC1 /MDd /GS /fp:precise /Zc:wchar_t /Zc:forScope /Fo"Debug\\" /Fd"Debug\vc120.pdb" /Gd /TP /analyze- /errorReport:prompt main.cpp
         main.cpp
       Link:
         C:\Program Files (x86)\Microsoft Visual Studio 12.0\VC\bin\link.exe /ERRORREPORT:PROMPT /OUT:"C:\Users\mh2347\Documents\Visual Studio 2013\Projects\K_Means_HPA\Debug\K_Means_HPA.exe" /INCREMENTAL /NOLOGO /LIBPATH:"C:\Program Files\NVIDIA GPU Computing Toolkit\CUDA\v7.0\lib\Win32" cudart.lib kernel32.lib user32.lib gdi32.lib winspool.lib comdlg32.lib advapi32.lib shell32.lib ole32.lib oleaut32.lib uuid.lib odbc32.lib odbccp32.lib kernel32.lib user32.lib gdi32.lib winspool.lib comdlg32.lib advapi32.lib shell32.lib ole32.lib oleaut32.lib uuid.lib odbc32.lib odbccp32.lib /MANIFEST /MANIFESTUAC:"level='asInvoker' uiAccess='false'" /manifest:embed /DEBUG /PDB:"C:\Users\mh2347\Documents\Visual Studio 2013\Projects\K_Means_HPA\Debug\K_Means_HPA.pdb" /SUBSYSTEM:CONSOLE /TLBID:1 /DYNAMICBASE /NXCOMPAT /IMPLIB:"C:\Users\mh2347\Documents\Visual Studio 2013\Projects\K_Means_HPA\Debug\K_Means_HPA.lib" /MACHINE:X86 Debug\KMeansGPU.cu.obj
         Debug\KMeansCPU.obj
         Debug\main.obj
         K_Means_HPA.vcxproj -> C:\Users\mh2347\Documents\Visual Studio 2013\Projects\K_Means_HPA\Debug\K_Means_HPA.exe
       PostBuildEvent:
         echo copy "C:\Program Files\NVIDIA GPU Computing Toolkit\CUDA\v7.0\bin\cudart*.dll" "C:\Users\mh2347\Documents\Visual Studio 2013\Projects\K_Means_HPA\Debug\"
         copy "C:\Program Files\NVIDIA GPU Computing Toolkit\CUDA\v7.0\bin\cudart*.dll" "C:\Users\mh2347\Documents\Visual Studio 2013\Projects\K_Means_HPA\Debug\"
         :VCEnd
         copy "C:\Program Files\NVIDIA GPU Computing Toolkit\CUDA\v7.0\bin\cudart*.dll" "C:\Users\mh2347\Documents\Visual Studio 2013\Projects\K_Means_HPA\Debug\"
         C:\Program Files\NVIDIA GPU Computing Toolkit\CUDA\v7.0\bin\cudart32_70.dll
         C:\Program Files\NVIDIA GPU Computing Toolkit\CUDA\v7.0\bin\cudart64_70.dll
                 2 file(s) copied.
     1>Done Building Project "C:\Users\mh2347\Documents\Visual Studio 2013\Projects\K_Means_HPA\K_Means_HPA\K_Means_HPA.vcxproj" (Build target(s)).

Build succeeded.

Time Elapsed 00:00:00.65
